<?xml version="1.0" encoding="UTF-8"?>
<!-- Generated by org.testng.reporters.JUnitReportReporter -->
<testsuite hostname="DESKTOP-S5KM2S6" failures="0" tests="1" name="pactracepackage.Pp12Assert" time="45.299" errors="0" timestamp="2023-02-19T20:18:46 IST" skipped="0">
  <testcase classname="pactracepackage.Pp12Assert" name="pp" time="45.299"/>
  <system-out/>
</testsuite> <!-- pactracepackage.Pp12Assert -->
