<?xml version="1.0" encoding="UTF-8"?>
<!-- Generated by org.testng.reporters.JUnitReportReporter -->
<testsuite hostname="DESKTOP-S5KM2S6" failures="0" tests="3" name="pactracepackage.Pp4" time="0.021" errors="0" timestamp="2023-02-13T00:48:59 IST" skipped="0">
  <testcase classname="pactracepackage.Pp4" name="createcontact" time="0.017"/>
  <system-out/>
  <testcase classname="pactracepackage.Pp4" name="modifycontact" time="0.002"/>
  <system-out/>
  <testcase classname="pactracepackage.Pp4" name="deletecontact" time="0.002"/>
  <system-out/>
</testsuite> <!-- pactracepackage.Pp4 -->
