<?xml version="1.0" encoding="UTF-8"?>
<!-- Generated by org.testng.reporters.JUnitReportReporter -->
<testsuite hostname="DESKTOP-S5KM2S6" failures="0" tests="1" name="pactracepackage.Pp3" time="29.163" errors="0" timestamp="2023-02-13T00:04:26 IST" skipped="0">
  <testcase classname="pactracepackage.Pp3" name="pork" time="29.163"/>
  <system-out/>
</testsuite> <!-- pactracepackage.Pp3 -->
