<?xml version="1.0" encoding="UTF-8"?>
<!-- Generated by org.testng.reporters.JUnitReportReporter -->
<testsuite hostname="DESKTOP-S5KM2S6" failures="0" tests="2" name="program.Testds" time="0.051" errors="0" timestamp="2023-02-08T11:37:26 IST" skipped="0">
  <testcase classname="program.Testds" name="dee" time="0.039"/>
  <system-out>
    <![CDATA[2]]>
  </system-out>
  <testcase classname="program.Testds" name="por" time="0.012"/>
  <system-out>
    <![CDATA[1]]>
  </system-out>
</testsuite> <!-- program.Testds -->
