<?xml version="1.0" encoding="UTF-8"?>
<!-- Generated by org.testng.reporters.JUnitReportReporter -->
<testsuite hostname="DESKTOP-S5KM2S6" failures="0" tests="1" name="program.Assertionss" time="62.422" errors="0" timestamp="2023-02-10T11:33:50 IST" skipped="0">
  <testcase classname="program.Assertionss" name="pork" time="62.422"/>
  <system-out/>
</testsuite> <!-- program.Assertionss -->
