<?xml version="1.0" encoding="UTF-8"?>
<!-- Generated by org.testng.reporters.JUnitReportReporter -->
<testsuite hostname="DESKTOP-S5KM2S6" failures="0" tests="5" name="pactracepackage.Pp5" time="0.038" errors="0" timestamp="2023-02-13T00:58:59 IST" skipped="0">
  <testcase classname="pactracepackage.Pp5" name="createcontact" time="0.003"/>
  <system-out/>
  <testcase classname="pactracepackage.Pp5" name="createcontact" time="0.018"/>
  <system-out/>
  <testcase classname="pactracepackage.Pp5" name="createcontact" time="0.003"/>
  <system-out/>
  <testcase classname="pactracepackage.Pp5" name="createcontact" time="0.001"/>
  <system-out/>
  <testcase classname="pactracepackage.Pp5" name="createcontact" time="0.013"/>
  <system-out/>
</testsuite> <!-- pactracepackage.Pp5 -->
