<?xml version="1.0" encoding="UTF-8"?>
<!-- Generated by org.testng.reporters.JUnitReportReporter -->
<testsuite hostname="DESKTOP-S5KM2S6" failures="0" tests="2" name="pactracepackage.Pp13Testdis" time="0.015" errors="0" timestamp="2023-02-19T22:56:23 IST" skipped="1">
  <testcase classname="pactracepackage.Pp13Testdis" name="dee" time="0.015"/>
  <system-out>
    <![CDATA[B]]>
  </system-out>
  <testcase classname="pactracepackage.Pp13Testdis" name="pro">
    <skipped/>
  </testcase> <!-- pro -->
  <system-out/>
</testsuite> <!-- pactracepackage.Pp13Testdis -->
